12:47:36 **** Build of configuration Debug for project B01 ****
make all 
Building file: ../src/B01.cu
Invoking: NVCC Compiler
/Developer/NVIDIA/CUDA-6.5/bin/nvcc -G -g -O0 -gencode arch=compute_30,code=sm_30  -odir "src" -M -o "src/B01.d" "../src/B01.cu"
/Developer/NVIDIA/CUDA-6.5/bin/nvcc -G -g -O0 --compile --relocatable-device-code=false -gencode arch=compute_30,code=compute_30 -gencode arch=compute_30,code=sm_30  -x cu -o  "src/B01.o" "../src/B01.cu"
Finished building: ../src/B01.cu
 
Building target: B01
Invoking: NVCC Linker
/Developer/NVIDIA/CUDA-6.5/bin/nvcc --cudart static --relocatable-device-code=false -gencode arch=compute_30,code=compute_30 -gencode arch=compute_30,code=sm_30 -link -o  "B01"  ./src/B01.o   
Finished building target: B01
 
12:49:41 **** Incremental Build of configuration Debug for project B01 ****
make all 
make: Nothing to be done for `all'.
12:49:50 **** Incremental Build of configuration Debug for project B01 ****
make all 
make: Nothing to be done for `all'.
12:49:55 **** Incremental Build of configuration Debug for project B01 ****
make all 
make: Nothing to be done for `all'.
12:49:59 **** Incremental Build of configuration Debug for project B01 ****
make all 
make: Nothing to be done for `all'.
12:50:35 **** Incremental Build of configuration Debug for project B01 ****
make all 
make: Nothing to be done for `all'.
13:04:26 **** Incremental Build of configuration Debug for project B01 ****
make all 
Building file: ../src/B01.cu
Invoking: NVCC Compiler
/Developer/NVIDIA/CUDA-6.5/bin/nvcc -G -g -O0 -gencode arch=compute_30,code=sm_30  -odir "src" -M -o "src/B01.d" "../src/B01.cu"
/Developer/NVIDIA/CUDA-6.5/bin/nvcc -G -g -O0 --compile --relocatable-device-code=false -gencode arch=compute_30,code=compute_30 -gencode arch=compute_30,code=sm_30  -x cu -o  "src/B01.o" "../src/B01.cu"
../src/B01.cu(57): error: identifier "d_a" is undefined

../src/B01.cu(57): error: identifier "size" is undefined

../src/B01.cu(58): error: identifier "d_b" is undefined

../src/B01.cu(59): error: identifier "d_c" is undefined

../src/B01.cu(13): warning: variable "WORK_SIZE" was declared but never referenced

4 errors detected in the compilation of "/var/folders/t5/x8vz05px1hj0msfzyf48xrrh0000gn/T//tmpxft_0000055e_00000000-6_B01.cpp1.ii".
make: *** [src/B01.o] Error 2
13:05:30 **** Incremental Build of configuration Debug for project B01 ****
make all 
Building file: ../src/B01.cu
Invoking: NVCC Compiler
/Developer/NVIDIA/CUDA-6.5/bin/nvcc -G -g -O0 -gencode arch=compute_30,code=sm_30  -odir "src" -M -o "src/B01.d" "../src/B01.cu"
/Developer/NVIDIA/CUDA-6.5/bin/nvcc -G -g -O0 --compile --relocatable-device-code=false -gencode arch=compute_30,code=compute_30 -gencode arch=compute_30,code=sm_30  -x cu -o  "src/B01.o" "../src/B01.cu"
../src/B01.cu(59): error: identifier "d_a" is undefined

../src/B01.cu(60): error: identifier "d_b" is undefined

../src/B01.cu(61): error: identifier "d_c" is undefined

../src/B01.cu(13): warning: variable "WORK_SIZE" was declared but never referenced

3 errors detected in the compilation of "/var/folders/t5/x8vz05px1hj0msfzyf48xrrh0000gn/T//tmpxft_00000589_00000000-6_B01.cpp1.ii".
make: *** [src/B01.o] Error 2
13:05:58 **** Incremental Build of configuration Debug for project B01 ****
make all 
Building file: ../src/B01.cu
Invoking: NVCC Compiler
/Developer/NVIDIA/CUDA-6.5/bin/nvcc -G -g -O0 -gencode arch=compute_30,code=sm_30  -odir "src" -M -o "src/B01.d" "../src/B01.cu"
/Developer/NVIDIA/CUDA-6.5/bin/nvcc -G -g -O0 --compile --relocatable-device-code=false -gencode arch=compute_30,code=compute_30 -gencode arch=compute_30,code=sm_30  -x cu -o  "src/B01.o" "../src/B01.cu"
../src/B01.cu(13): warning: variable "WORK_SIZE" was declared but never referenced

../src/B01.cu(13): warning: variable "WORK_SIZE" was declared but never referenced

Finished building: ../src/B01.cu
 
Building target: B01
Invoking: NVCC Linker
/Developer/NVIDIA/CUDA-6.5/bin/nvcc --cudart static --relocatable-device-code=false -gencode arch=compute_30,code=compute_30 -gencode arch=compute_30,code=sm_30 -link -o  "B01"  ./src/B01.o   
Finished building target: B01
 
13:06:41 **** Incremental Build of configuration Debug for project B01 ****
make all 
make: Nothing to be done for `all'.
13:06:46 **** Incremental Build of configuration Debug for project B01 ****
make all 
make: Nothing to be done for `all'.
13:07:24 **** Incremental Build of configuration Debug for project B01 ****
make all 
Building file: ../src/B01.cu
Invoking: NVCC Compiler
/Developer/NVIDIA/CUDA-6.5/bin/nvcc -G -g -O0 -gencode arch=compute_30,code=sm_30  -odir "src" -M -o "src/B01.d" "../src/B01.cu"
/Developer/NVIDIA/CUDA-6.5/bin/nvcc -G -g -O0 --compile --relocatable-device-code=false -gencode arch=compute_30,code=compute_30 -gencode arch=compute_30,code=sm_30  -x cu -o  "src/B01.o" "../src/B01.cu"
../src/B01.cu(75): warning: argument is incompatible with corresponding format string conversion

../src/B01.cu(13): warning: variable "WORK_SIZE" was declared but never referenced

../src/B01.cu(75): warning: argument is incompatible with corresponding format string conversion

../src/B01.cu(13): warning: variable "WORK_SIZE" was declared but never referenced

../src/B01.cu:75:24: warning: format specifies type 'int' but the argument has type 'int *' [-Wformat]
printf("Result: %d\n", &c);
                ~~     ^~
1 warning generated.
Finished building: ../src/B01.cu
 
Building target: B01
Invoking: NVCC Linker
/Developer/NVIDIA/CUDA-6.5/bin/nvcc --cudart static --relocatable-device-code=false -gencode arch=compute_30,code=compute_30 -gencode arch=compute_30,code=sm_30 -link -o  "B01"  ./src/B01.o   
Finished building target: B01
 
13:07:40 **** Incremental Build of configuration Debug for project B01 ****
make all 
Building file: ../src/B01.cu
Invoking: NVCC Compiler
/Developer/NVIDIA/CUDA-6.5/bin/nvcc -G -g -O0 -gencode arch=compute_30,code=sm_30  -odir "src" -M -o "src/B01.d" "../src/B01.cu"
/Developer/NVIDIA/CUDA-6.5/bin/nvcc -G -g -O0 --compile --relocatable-device-code=false -gencode arch=compute_30,code=compute_30 -gencode arch=compute_30,code=sm_30  -x cu -o  "src/B01.o" "../src/B01.cu"
../src/B01.cu(13): warning: variable "WORK_SIZE" was declared but never referenced

../src/B01.cu(13): warning: variable "WORK_SIZE" was declared but never referenced

Finished building: ../src/B01.cu
 
Building target: B01
Invoking: NVCC Linker
/Developer/NVIDIA/CUDA-6.5/bin/nvcc --cudart static --relocatable-device-code=false -gencode arch=compute_30,code=compute_30 -gencode arch=compute_30,code=sm_30 -link -o  "B01"  ./src/B01.o   
Finished building target: B01
 
11:39:06 **** Build of configuration Debug for project B01 ****
make all 
Building file: ../src/B01.cu
Invoking: NVCC Compiler
/Developer/NVIDIA/CUDA-6.5/bin/nvcc -G -g -O0 -gencode arch=compute_30,code=sm_30  -odir "src" -M -o "src/B01.d" "../src/B01.cu"
/Developer/NVIDIA/CUDA-6.5/bin/nvcc -G -g -O0 --compile --relocatable-device-code=false -gencode arch=compute_30,code=compute_30 -gencode arch=compute_30,code=sm_30  -x cu -o  "src/B01.o" "../src/B01.cu"
../src/B01.cu(46): error: operand of "*" must be a pointer

../src/B01.cu(46): error: operand of "*" must be a pointer

../src/B01.cu(46): error: operand of "*" must be a pointer

../src/B01.cu(68): error: identifier "random_ints" is undefined

../src/B01.cu(13): warning: variable "WORK_SIZE" was declared but never referenced

4 errors detected in the compilation of "/var/folders/t5/x8vz05px1hj0msfzyf48xrrh0000gn/T//tmpxft_000002a9_00000000-6_B01.cpp1.ii".
make: *** [src/B01.o] Error 2
12:08:23 **** Incremental Build of configuration Debug for project B01 ****
make all 
Building file: ../src/B01.cu
Invoking: NVCC Compiler
/Developer/NVIDIA/CUDA-6.5/bin/nvcc -G -g -O0 -gencode arch=compute_30,code=sm_30  -odir "src" -M -o "src/B01.d" "../src/B01.cu"
/Developer/NVIDIA/CUDA-6.5/bin/nvcc -G -g -O0 --compile --relocatable-device-code=false -gencode arch=compute_30,code=compute_30 -gencode arch=compute_30,code=sm_30  -x cu -o  "src/B01.o" "../src/B01.cu"
../src/B01.cu(71): error: expression must have pointer-to-object type

../src/B01.cu(72): error: expression must have pointer-to-object type

../src/B01.cu(13): warning: variable "WORK_SIZE" was declared but never referenced

2 errors detected in the compilation of "/var/folders/t5/x8vz05px1hj0msfzyf48xrrh0000gn/T//tmpxft_0000031d_00000000-6_B01.cpp1.ii".
make: *** [src/B01.o] Error 2
12:25:31 **** Incremental Build of configuration Debug for project B01 ****
make all 
Building file: ../src/B01.cu
Invoking: NVCC Compiler
/Developer/NVIDIA/CUDA-6.5/bin/nvcc -G -g -O0 -gencode arch=compute_30,code=sm_30  -odir "src" -M -o "src/B01.d" "../src/B01.cu"
/Developer/NVIDIA/CUDA-6.5/bin/nvcc -G -g -O0 --compile --relocatable-device-code=false -gencode arch=compute_30,code=compute_30 -gencode arch=compute_30,code=sm_30  -x cu -o  "src/B01.o" "../src/B01.cu"
../src/B01.cu(46): error: operand of "*" must be a pointer

../src/B01.cu(46): error: operand of "*" must be a pointer

../src/B01.cu(46): error: operand of "*" must be a pointer

../src/B01.cu(71): error: operand of "*" must be a pointer

../src/B01.cu(72): error: operand of "*" must be a pointer

../src/B01.cu(84): warning: argument is incompatible with corresponding format string conversion

../src/B01.cu(13): warning: variable "WORK_SIZE" was declared but never referenced

5 errors detected in the compilation of "/var/folders/t5/x8vz05px1hj0msfzyf48xrrh0000gn/T//tmpxft_00000374_00000000-6_B01.cpp1.ii".
make: *** [src/B01.o] Error 2
12:26:18 **** Incremental Build of configuration Debug for project B01 ****
make all 
Building file: ../src/B01.cu
Invoking: NVCC Compiler
/Developer/NVIDIA/CUDA-6.5/bin/nvcc -G -g -O0 -gencode arch=compute_30,code=sm_30  -odir "src" -M -o "src/B01.d" "../src/B01.cu"
/Developer/NVIDIA/CUDA-6.5/bin/nvcc -G -g -O0 --compile --relocatable-device-code=false -gencode arch=compute_30,code=compute_30 -gencode arch=compute_30,code=sm_30  -x cu -o  "src/B01.o" "../src/B01.cu"
../src/B01.cu(84): warning: argument is incompatible with corresponding format string conversion

../src/B01.cu(13): warning: variable "WORK_SIZE" was declared but never referenced

../src/B01.cu(84): warning: argument is incompatible with corresponding format string conversion

../src/B01.cu(13): warning: variable "WORK_SIZE" was declared but never referenced

../src/B01.cu:84:24: warning: format specifies type 'int' but the argument has type 'int *' [-Wformat]
printf("Result: %d\n", c);
                ~~     ^
1 warning generated.
Finished building: ../src/B01.cu
 
Building target: B01
Invoking: NVCC Linker
/Developer/NVIDIA/CUDA-6.5/bin/nvcc --cudart static --relocatable-device-code=false -gencode arch=compute_30,code=compute_30 -gencode arch=compute_30,code=sm_30 -link -o  "B01"  ./src/B01.o   
Finished building target: B01
 
12:27:14 **** Incremental Build of configuration Debug for project B01 ****
make all 
Building file: ../src/B01.cu
Invoking: NVCC Compiler
/Developer/NVIDIA/CUDA-6.5/bin/nvcc -G -g -O0 -gencode arch=compute_30,code=sm_30  -odir "src" -M -o "src/B01.d" "../src/B01.cu"
/Developer/NVIDIA/CUDA-6.5/bin/nvcc -G -g -O0 --compile --relocatable-device-code=false -gencode arch=compute_30,code=compute_30 -gencode arch=compute_30,code=sm_30  -x cu -o  "src/B01.o" "../src/B01.cu"
../src/B01.cu(13): warning: variable "WORK_SIZE" was declared but never referenced

../src/B01.cu(13): warning: variable "WORK_SIZE" was declared but never referenced

Finished building: ../src/B01.cu
 
Building target: B01
Invoking: NVCC Linker
/Developer/NVIDIA/CUDA-6.5/bin/nvcc --cudart static --relocatable-device-code=false -gencode arch=compute_30,code=compute_30 -gencode arch=compute_30,code=sm_30 -link -o  "B01"  ./src/B01.o   
Finished building target: B01
 
12:27:37 **** Incremental Build of configuration Debug for project B01 ****
make all 
make: Nothing to be done for `all'.
12:29:13 **** Incremental Build of configuration Debug for project B01 ****
make all 
Building file: ../src/B01.cu
Invoking: NVCC Compiler
/Developer/NVIDIA/CUDA-6.5/bin/nvcc -G -g -O0 -gencode arch=compute_30,code=sm_30  -odir "src" -M -o "src/B01.d" "../src/B01.cu"
/Developer/NVIDIA/CUDA-6.5/bin/nvcc -G -g -O0 --compile --relocatable-device-code=false -gencode arch=compute_30,code=compute_30 -gencode arch=compute_30,code=sm_30  -x cu -o  "src/B01.o" "../src/B01.cu"
../src/B01.cu(13): warning: variable "WORK_SIZE" was declared but never referenced

../src/B01.cu(13): warning: variable "WORK_SIZE" was declared but never referenced

Finished building: ../src/B01.cu
 
Building target: B01
Invoking: NVCC Linker
/Developer/NVIDIA/CUDA-6.5/bin/nvcc --cudart static --relocatable-device-code=false -gencode arch=compute_30,code=compute_30 -gencode arch=compute_30,code=sm_30 -link -o  "B01"  ./src/B01.o   
Finished building target: B01
 
12:30:08 **** Incremental Build of configuration Debug for project B01 ****
make all 
Building file: ../src/B01.cu
Invoking: NVCC Compiler
/Developer/NVIDIA/CUDA-6.5/bin/nvcc -G -g -O0 -gencode arch=compute_30,code=sm_30  -odir "src" -M -o "src/B01.d" "../src/B01.cu"
/Developer/NVIDIA/CUDA-6.5/bin/nvcc -G -g -O0 --compile --relocatable-device-code=false -gencode arch=compute_30,code=compute_30 -gencode arch=compute_30,code=sm_30  -x cu -o  "src/B01.o" "../src/B01.cu"
../src/B01.cu(13): warning: variable "WORK_SIZE" was declared but never referenced

../src/B01.cu(13): warning: variable "WORK_SIZE" was declared but never referenced

Finished building: ../src/B01.cu
 
Building target: B01
Invoking: NVCC Linker
/Developer/NVIDIA/CUDA-6.5/bin/nvcc --cudart static --relocatable-device-code=false -gencode arch=compute_30,code=compute_30 -gencode arch=compute_30,code=sm_30 -link -o  "B01"  ./src/B01.o   
Finished building target: B01
 
12:30:48 **** Incremental Build of configuration Debug for project B01 ****
make all 
Building file: ../src/B01.cu
Invoking: NVCC Compiler
/Developer/NVIDIA/CUDA-6.5/bin/nvcc -G -g -O0 -gencode arch=compute_30,code=sm_30  -odir "src" -M -o "src/B01.d" "../src/B01.cu"
/Developer/NVIDIA/CUDA-6.5/bin/nvcc -G -g -O0 --compile --relocatable-device-code=false -gencode arch=compute_30,code=compute_30 -gencode arch=compute_30,code=sm_30  -x cu -o  "src/B01.o" "../src/B01.cu"
../src/B01.cu(13): warning: variable "WORK_SIZE" was declared but never referenced

../src/B01.cu(13): warning: variable "WORK_SIZE" was declared but never referenced

Finished building: ../src/B01.cu
 
Building target: B01
Invoking: NVCC Linker
/Developer/NVIDIA/CUDA-6.5/bin/nvcc --cudart static --relocatable-device-code=false -gencode arch=compute_30,code=compute_30 -gencode arch=compute_30,code=sm_30 -link -o  "B01"  ./src/B01.o   
Finished building target: B01
 
12:31:13 **** Incremental Build of configuration Debug for project B01 ****
make all 
Building file: ../src/B01.cu
Invoking: NVCC Compiler
/Developer/NVIDIA/CUDA-6.5/bin/nvcc -G -g -O0 -gencode arch=compute_30,code=sm_30  -odir "src" -M -o "src/B01.d" "../src/B01.cu"
/Developer/NVIDIA/CUDA-6.5/bin/nvcc -G -g -O0 --compile --relocatable-device-code=false -gencode arch=compute_30,code=compute_30 -gencode arch=compute_30,code=sm_30  -x cu -o  "src/B01.o" "../src/B01.cu"
../src/B01.cu(13): warning: variable "WORK_SIZE" was declared but never referenced

../src/B01.cu(13): warning: variable "WORK_SIZE" was declared but never referenced

Finished building: ../src/B01.cu
 
Building target: B01
Invoking: NVCC Linker
/Developer/NVIDIA/CUDA-6.5/bin/nvcc --cudart static --relocatable-device-code=false -gencode arch=compute_30,code=compute_30 -gencode arch=compute_30,code=sm_30 -link -o  "B01"  ./src/B01.o   
Finished building target: B01
 
12:31:34 **** Incremental Build of configuration Debug for project B01 ****
make all 
Building file: ../src/B01.cu
Invoking: NVCC Compiler
/Developer/NVIDIA/CUDA-6.5/bin/nvcc -G -g -O0 -gencode arch=compute_30,code=sm_30  -odir "src" -M -o "src/B01.d" "../src/B01.cu"
/Developer/NVIDIA/CUDA-6.5/bin/nvcc -G -g -O0 --compile --relocatable-device-code=false -gencode arch=compute_30,code=compute_30 -gencode arch=compute_30,code=sm_30  -x cu -o  "src/B01.o" "../src/B01.cu"
../src/B01.cu(13): warning: variable "WORK_SIZE" was declared but never referenced

../src/B01.cu(13): warning: variable "WORK_SIZE" was declared but never referenced

Finished building: ../src/B01.cu
 
Building target: B01
Invoking: NVCC Linker
/Developer/NVIDIA/CUDA-6.5/bin/nvcc --cudart static --relocatable-device-code=false -gencode arch=compute_30,code=compute_30 -gencode arch=compute_30,code=sm_30 -link -o  "B01"  ./src/B01.o   
Finished building target: B01
 
12:31:47 **** Incremental Build of configuration Debug for project B01 ****
make all 
make: Nothing to be done for `all'.
12:32:05 **** Incremental Build of configuration Debug for project B01 ****
make all 
Building file: ../src/B01.cu
Invoking: NVCC Compiler
/Developer/NVIDIA/CUDA-6.5/bin/nvcc -G -g -O0 -gencode arch=compute_30,code=sm_30  -odir "src" -M -o "src/B01.d" "../src/B01.cu"
/Developer/NVIDIA/CUDA-6.5/bin/nvcc -G -g -O0 --compile --relocatable-device-code=false -gencode arch=compute_30,code=compute_30 -gencode arch=compute_30,code=sm_30  -x cu -o  "src/B01.o" "../src/B01.cu"
../src/B01.cu(13): warning: variable "WORK_SIZE" was declared but never referenced

../src/B01.cu(13): warning: variable "WORK_SIZE" was declared but never referenced

Finished building: ../src/B01.cu
 
Building target: B01
Invoking: NVCC Linker
/Developer/NVIDIA/CUDA-6.5/bin/nvcc --cudart static --relocatable-device-code=false -gencode arch=compute_30,code=compute_30 -gencode arch=compute_30,code=sm_30 -link -o  "B01"  ./src/B01.o   
Finished building target: B01
 
12:32:17 **** Incremental Build of configuration Debug for project B01 ****
make all 
Building file: ../src/B01.cu
Invoking: NVCC Compiler
/Developer/NVIDIA/CUDA-6.5/bin/nvcc -G -g -O0 -gencode arch=compute_30,code=sm_30  -odir "src" -M -o "src/B01.d" "../src/B01.cu"
/Developer/NVIDIA/CUDA-6.5/bin/nvcc -G -g -O0 --compile --relocatable-device-code=false -gencode arch=compute_30,code=compute_30 -gencode arch=compute_30,code=sm_30  -x cu -o  "src/B01.o" "../src/B01.cu"
../src/B01.cu(13): warning: variable "WORK_SIZE" was declared but never referenced

../src/B01.cu(13): warning: variable "WORK_SIZE" was declared but never referenced

Finished building: ../src/B01.cu
 
Building target: B01
Invoking: NVCC Linker
/Developer/NVIDIA/CUDA-6.5/bin/nvcc --cudart static --relocatable-device-code=false -gencode arch=compute_30,code=compute_30 -gencode arch=compute_30,code=sm_30 -link -o  "B01"  ./src/B01.o   
Finished building target: B01
 
12:32:56 **** Incremental Build of configuration Debug for project B01 ****
make all 
Building file: ../src/B01.cu
Invoking: NVCC Compiler
/Developer/NVIDIA/CUDA-6.5/bin/nvcc -G -g -O0 -gencode arch=compute_30,code=sm_30  -odir "src" -M -o "src/B01.d" "../src/B01.cu"
/Developer/NVIDIA/CUDA-6.5/bin/nvcc -G -g -O0 --compile --relocatable-device-code=false -gencode arch=compute_30,code=compute_30 -gencode arch=compute_30,code=sm_30  -x cu -o  "src/B01.o" "../src/B01.cu"
../src/B01.cu(13): warning: variable "WORK_SIZE" was declared but never referenced

../src/B01.cu(13): warning: variable "WORK_SIZE" was declared but never referenced

Finished building: ../src/B01.cu
 
Building target: B01
Invoking: NVCC Linker
/Developer/NVIDIA/CUDA-6.5/bin/nvcc --cudart static --relocatable-device-code=false -gencode arch=compute_30,code=compute_30 -gencode arch=compute_30,code=sm_30 -link -o  "B01"  ./src/B01.o   
Finished building target: B01
 
21:17:14 **** Incremental Build of configuration Debug for project B01 ****
make all 
Building file: ../src/B01.cu
Invoking: NVCC Compiler
/Developer/NVIDIA/CUDA-6.5/bin/nvcc -G -g -O0 -gencode arch=compute_30,code=sm_30  -odir "src" -M -o "src/B01.d" "../src/B01.cu"
/Developer/NVIDIA/CUDA-6.5/bin/nvcc -G -g -O0 --compile --relocatable-device-code=false -gencode arch=compute_30,code=compute_30 -gencode arch=compute_30,code=sm_30  -x cu -o  "src/B01.o" "../src/B01.cu"
../src/B01.cu(13): warning: variable "WORK_SIZE" was declared but never referenced

../src/B01.cu(13): warning: variable "WORK_SIZE" was declared but never referenced

Finished building: ../src/B01.cu
 
Building target: B01
Invoking: NVCC Linker
/Developer/NVIDIA/CUDA-6.5/bin/nvcc --cudart static --relocatable-device-code=false -gencode arch=compute_30,code=compute_30 -gencode arch=compute_30,code=sm_30 -link -o  "B01"  ./src/B01.o   
Finished building target: B01
 
21:33:31 **** Incremental Build of configuration Debug for project B01 ****
make all 
Building file: ../src/B01.cu
Invoking: NVCC Compiler
/Developer/NVIDIA/CUDA-6.5/bin/nvcc -G -g -O0 -gencode arch=compute_30,code=sm_30  -odir "src" -M -o "src/B01.d" "../src/B01.cu"
/Developer/NVIDIA/CUDA-6.5/bin/nvcc -G -g -O0 --compile --relocatable-device-code=false -gencode arch=compute_30,code=compute_30 -gencode arch=compute_30,code=sm_30  -x cu -o  "src/B01.o" "../src/B01.cu"
../src/B01.cu(61): error: identifier "argsv" is undefined

../src/B01.cu(13): warning: variable "WORK_SIZE" was declared but never referenced

1 error detected in the compilation of "/var/folders/t5/x8vz05px1hj0msfzyf48xrrh0000gn/T//tmpxft_0000042c_00000000-6_B01.cpp1.ii".
make: *** [src/B01.o] Error 2
21:33:58 **** Incremental Build of configuration Debug for project B01 ****
make all 
Building file: ../src/B01.cu
Invoking: NVCC Compiler
/Developer/NVIDIA/CUDA-6.5/bin/nvcc -G -g -O0 -gencode arch=compute_30,code=sm_30  -odir "src" -M -o "src/B01.d" "../src/B01.cu"
/Developer/NVIDIA/CUDA-6.5/bin/nvcc -G -g -O0 --compile --relocatable-device-code=false -gencode arch=compute_30,code=compute_30 -gencode arch=compute_30,code=sm_30  -x cu -o  "src/B01.o" "../src/B01.cu"
../src/B01.cu(61): error: a value of type "char *" cannot be used to initialize an entity of type "int"

../src/B01.cu(13): warning: variable "WORK_SIZE" was declared but never referenced

1 error detected in the compilation of "/var/folders/t5/x8vz05px1hj0msfzyf48xrrh0000gn/T//tmpxft_0000045f_00000000-6_B01.cpp1.ii".
make: *** [src/B01.o] Error 2
21:36:45 **** Incremental Build of configuration Debug for project B01 ****
make all 
Building file: ../src/B01.cu
Invoking: NVCC Compiler
/Developer/NVIDIA/CUDA-6.5/bin/nvcc -G -g -O0 -gencode arch=compute_30,code=sm_30  -odir "src" -M -o "src/B01.d" "../src/B01.cu"
/Developer/NVIDIA/CUDA-6.5/bin/nvcc -G -g -O0 --compile --relocatable-device-code=false -gencode arch=compute_30,code=compute_30 -gencode arch=compute_30,code=sm_30  -x cu -o  "src/B01.o" "../src/B01.cu"
../src/B01.cu(13): warning: variable "WORK_SIZE" was declared but never referenced

../src/B01.cu(13): warning: variable "WORK_SIZE" was declared but never referenced

Finished building: ../src/B01.cu
 
Building target: B01
Invoking: NVCC Linker
/Developer/NVIDIA/CUDA-6.5/bin/nvcc --cudart static --relocatable-device-code=false -gencode arch=compute_30,code=compute_30 -gencode arch=compute_30,code=sm_30 -link -o  "B01"  ./src/B01.o   
Finished building target: B01
 
16:34:29 **** Build of configuration Debug for project B03 ****
make all 
Building file: ../src/B03.cu
Invoking: NVCC Compiler
/Developer/NVIDIA/CUDA-6.5/bin/nvcc -G -g -O0 -gencode arch=compute_30,code=sm_30  -odir "src" -M -o "src/B03.d" "../src/B03.cu"
/Developer/NVIDIA/CUDA-6.5/bin/nvcc -G -g -O0 --compile --relocatable-device-code=false -gencode arch=compute_30,code=compute_30 -gencode arch=compute_30,code=sm_30  -x cu -o  "src/B03.o" "../src/B03.cu"
../src/B03.cu(75): error: identifier "nDevices" is undefined

../src/B03.cu(56): warning: variable "t0" was declared but never referenced

../src/B03.cu(57): warning: variable "t1" was declared but never referenced

../src/B03.cu(68): warning: variable "d_a" was declared but never referenced

../src/B03.cu(68): warning: variable "d_b" was declared but never referenced

../src/B03.cu(68): warning: variable "d_c" was declared but never referenced

../src/B03.cu(13): warning: variable "WORK_SIZE" was declared but never referenced

1 error detected in the compilation of "/var/folders/t5/x8vz05px1hj0msfzyf48xrrh0000gn/T//tmpxft_00000649_00000000-6_B03.cpp1.ii".
make: *** [src/B03.o] Error 2
16:35:40 **** Incremental Build of configuration Debug for project B03 ****
make all 
Building file: ../src/B03.cu
Invoking: NVCC Compiler
/Developer/NVIDIA/CUDA-6.5/bin/nvcc -G -g -O0 -gencode arch=compute_30,code=sm_30  -odir "src" -M -o "src/B03.d" "../src/B03.cu"
/Developer/NVIDIA/CUDA-6.5/bin/nvcc -G -g -O0 --compile --relocatable-device-code=false -gencode arch=compute_30,code=compute_30 -gencode arch=compute_30,code=sm_30  -x cu -o  "src/B03.o" "../src/B03.cu"
../src/B03.cu(56): warning: variable "t0" was declared but never referenced

../src/B03.cu(57): warning: variable "t1" was declared but never referenced

../src/B03.cu(68): warning: variable "d_a" was declared but never referenced

../src/B03.cu(68): warning: variable "d_b" was declared but never referenced

../src/B03.cu(68): warning: variable "d_c" was declared but never referenced

../src/B03.cu(13): warning: variable "WORK_SIZE" was declared but never referenced

../src/B03.cu(56): warning: variable "t0" was declared but never referenced

../src/B03.cu(57): warning: variable "t1" was declared but never referenced

../src/B03.cu(68): warning: variable "d_a" was declared but never referenced

../src/B03.cu(68): warning: variable "d_b" was declared but never referenced

../src/B03.cu(68): warning: variable "d_c" was declared but never referenced

../src/B03.cu(13): warning: variable "WORK_SIZE" was declared but never referenced

Finished building: ../src/B03.cu
 
Building target: B03
Invoking: NVCC Linker
/Developer/NVIDIA/CUDA-6.5/bin/nvcc --cudart static --relocatable-device-code=false -gencode arch=compute_30,code=compute_30 -gencode arch=compute_30,code=sm_30 -link -o  "B03"  ./src/B03.o   
Finished building target: B03
 
16:42:20 **** Incremental Build of configuration Debug for project B03 ****
make all 
Building file: ../src/B03.cu
Invoking: NVCC Compiler
/Developer/NVIDIA/CUDA-6.5/bin/nvcc -G -g -O0 -gencode arch=compute_30,code=sm_30  -odir "src" -M -o "src/B03.d" "../src/B03.cu"
/Developer/NVIDIA/CUDA-6.5/bin/nvcc -G -g -O0 --compile --relocatable-device-code=false -gencode arch=compute_30,code=compute_30 -gencode arch=compute_30,code=sm_30  -x cu -o  "src/B03.o" "../src/B03.cu"
../src/B03.cu(62): error: identifier "print" is undefined

../src/B03.cu(113): error: identifier "prop" is undefined

../src/B03.cu(72): warning: variable "t0" was declared but never referenced

../src/B03.cu(73): warning: variable "t1" was declared but never referenced

../src/B03.cu(88): warning: variable "d_a" was declared but never referenced

../src/B03.cu(88): warning: variable "d_b" was declared but never referenced

../src/B03.cu(88): warning: variable "d_c" was declared but never referenced

../src/B03.cu(13): warning: variable "WORK_SIZE" was declared but never referenced

2 errors detected in the compilation of "/var/folders/t5/x8vz05px1hj0msfzyf48xrrh0000gn/T//tmpxft_0000075e_00000000-6_B03.cpp1.ii".
make: *** [src/B03.o] Error 2
16:43:01 **** Incremental Build of configuration Debug for project B03 ****
make all 
Building file: ../src/B03.cu
Invoking: NVCC Compiler
/Developer/NVIDIA/CUDA-6.5/bin/nvcc -G -g -O0 -gencode arch=compute_30,code=sm_30  -odir "src" -M -o "src/B03.d" "../src/B03.cu"
/Developer/NVIDIA/CUDA-6.5/bin/nvcc -G -g -O0 --compile --relocatable-device-code=false -gencode arch=compute_30,code=compute_30 -gencode arch=compute_30,code=sm_30  -x cu -o  "src/B03.o" "../src/B03.cu"
../src/B03.cu(113): error: identifier "prop" is undefined

../src/B03.cu(72): warning: variable "t0" was declared but never referenced

../src/B03.cu(73): warning: variable "t1" was declared but never referenced

../src/B03.cu(88): warning: variable "d_a" was declared but never referenced

../src/B03.cu(88): warning: variable "d_b" was declared but never referenced

../src/B03.cu(88): warning: variable "d_c" was declared but never referenced

../src/B03.cu(13): warning: variable "WORK_SIZE" was declared but never referenced

1 error detected in the compilation of "/var/folders/t5/x8vz05px1hj0msfzyf48xrrh0000gn/T//tmpxft_0000078f_00000000-6_B03.cpp1.ii".
make: *** [src/B03.o] Error 2
16:56:18 **** Incremental Build of configuration Debug for project B03 ****
make all 
Building file: ../src/B03.cu
Invoking: NVCC Compiler
/Developer/NVIDIA/CUDA-6.5/bin/nvcc -G -g -O0 -gencode arch=compute_30,code=sm_30  -odir "src" -M -o "src/B03.d" "../src/B03.cu"
/Developer/NVIDIA/CUDA-6.5/bin/nvcc -G -g -O0 --compile --relocatable-device-code=false -gencode arch=compute_30,code=compute_30 -gencode arch=compute_30,code=sm_30  -x cu -o  "src/B03.o" "../src/B03.cu"
../src/B03.cu(144): error: identifier "gettimeofday" is undefined

../src/B03.cu(147): error: identifier "size" is undefined

../src/B03.cu(147): warning: variable "d_a" is used before its value is set

../src/B03.cu(148): warning: variable "d_b" is used before its value is set

../src/B03.cu(151): error: identifier "add" is undefined

../src/B03.cu(151): error: identifier "THREADS_PER_BLOCK" is undefined

../src/B03.cu(97): warning: variable "threadSize" was set but never used

../src/B03.cu(157): warning: variable "time_spent" was declared but never referenced

../src/B03.cu(13): warning: variable "WORK_SIZE" was declared but never referenced

4 errors detected in the compilation of "/var/folders/t5/x8vz05px1hj0msfzyf48xrrh0000gn/T//tmpxft_0000082d_00000000-6_B03.cpp1.ii".
make: *** [src/B03.o] Error 2
16:56:39 **** Incremental Build of configuration Debug for project B03 ****
make all 
Building file: ../src/B03.cu
Invoking: NVCC Compiler
/Developer/NVIDIA/CUDA-6.5/bin/nvcc -G -g -O0 -gencode arch=compute_30,code=sm_30  -odir "src" -M -o "src/B03.d" "../src/B03.cu"
/Developer/NVIDIA/CUDA-6.5/bin/nvcc -G -g -O0 --compile --relocatable-device-code=false -gencode arch=compute_30,code=compute_30 -gencode arch=compute_30,code=sm_30  -x cu -o  "src/B03.o" "../src/B03.cu"
../src/B03.cu(148): error: identifier "size" is undefined

../src/B03.cu(148): warning: variable "d_a" is used before its value is set

../src/B03.cu(149): warning: variable "d_b" is used before its value is set

../src/B03.cu(152): error: identifier "add" is undefined

../src/B03.cu(152): error: identifier "THREADS_PER_BLOCK" is undefined

../src/B03.cu(98): warning: variable "threadSize" was set but never used

../src/B03.cu(158): warning: variable "time_spent" was declared but never referenced

../src/B03.cu(14): warning: variable "WORK_SIZE" was declared but never referenced

3 errors detected in the compilation of "/var/folders/t5/x8vz05px1hj0msfzyf48xrrh0000gn/T//tmpxft_0000085a_00000000-6_B03.cpp1.ii".
make: *** [src/B03.o] Error 2
16:57:38 **** Incremental Build of configuration Debug for project B03 ****
make all 
Building file: ../src/B03.cu
Invoking: NVCC Compiler
/Developer/NVIDIA/CUDA-6.5/bin/nvcc -G -g -O0 -gencode arch=compute_30,code=sm_30  -odir "src" -M -o "src/B03.d" "../src/B03.cu"
/Developer/NVIDIA/CUDA-6.5/bin/nvcc -G -g -O0 --compile --relocatable-device-code=false -gencode arch=compute_30,code=compute_30 -gencode arch=compute_30,code=sm_30  -x cu -o  "src/B03.o" "../src/B03.cu"
../src/B03.cu(148): warning: variable "d_a" is used before its value is set

../src/B03.cu(149): warning: variable "d_b" is used before its value is set

../src/B03.cu(152): error: identifier "THREADS_PER_BLOCK" is undefined

../src/B03.cu(152): warning: variable "d_c" is used before its value is set

../src/B03.cu(155): error: identifier "size" is undefined

../src/B03.cu(98): warning: variable "threadSize" was set but never used

../src/B03.cu(158): warning: variable "time_spent" was declared but never referenced

../src/B03.cu(14): warning: variable "WORK_SIZE" was declared but never referenced

2 errors detected in the compilation of "/var/folders/t5/x8vz05px1hj0msfzyf48xrrh0000gn/T//tmpxft_00000885_00000000-6_B03.cpp1.ii".
make: *** [src/B03.o] Error 2
16:59:10 **** Incremental Build of configuration Debug for project B03 ****
make all 
Building file: ../src/B03.cu
Invoking: NVCC Compiler
/Developer/NVIDIA/CUDA-6.5/bin/nvcc -G -g -O0 -gencode arch=compute_30,code=sm_30  -odir "src" -M -o "src/B03.d" "../src/B03.cu"
/Developer/NVIDIA/CUDA-6.5/bin/nvcc -G -g -O0 --compile --relocatable-device-code=false -gencode arch=compute_30,code=compute_30 -gencode arch=compute_30,code=sm_30  -x cu -o  "src/B03.o" "../src/B03.cu"
../src/B03.cu(157): error: identifier "THREADS_PER_BLOCK" is undefined

../src/B03.cu(160): error: identifier "size" is undefined

../src/B03.cu(103): warning: variable "threadSize" was set but never used

../src/B03.cu(163): warning: variable "time_spent" was declared but never referenced

../src/B03.cu(14): warning: variable "WORK_SIZE" was declared but never referenced

2 errors detected in the compilation of "/var/folders/t5/x8vz05px1hj0msfzyf48xrrh0000gn/T//tmpxft_000008af_00000000-6_B03.cpp1.ii".
make: *** [src/B03.o] Error 2
17:00:07 **** Incremental Build of configuration Debug for project B03 ****
make all 
Building file: ../src/B03.cu
Invoking: NVCC Compiler
/Developer/NVIDIA/CUDA-6.5/bin/nvcc -G -g -O0 -gencode arch=compute_30,code=sm_30  -odir "src" -M -o "src/B03.d" "../src/B03.cu"
/Developer/NVIDIA/CUDA-6.5/bin/nvcc -G -g -O0 --compile --relocatable-device-code=false -gencode arch=compute_30,code=compute_30 -gencode arch=compute_30,code=sm_30  -x cu -o  "src/B03.o" "../src/B03.cu"
../src/B03.cu(160): error: identifier "size" is undefined

../src/B03.cu(163): warning: variable "time_spent" was declared but never referenced

../src/B03.cu(14): warning: variable "WORK_SIZE" was declared but never referenced

1 error detected in the compilation of "/var/folders/t5/x8vz05px1hj0msfzyf48xrrh0000gn/T//tmpxft_000008db_00000000-6_B03.cpp1.ii".
make: *** [src/B03.o] Error 2
17:00:26 **** Incremental Build of configuration Debug for project B03 ****
make all 
Building file: ../src/B03.cu
Invoking: NVCC Compiler
/Developer/NVIDIA/CUDA-6.5/bin/nvcc -G -g -O0 -gencode arch=compute_30,code=sm_30  -odir "src" -M -o "src/B03.d" "../src/B03.cu"
/Developer/NVIDIA/CUDA-6.5/bin/nvcc -G -g -O0 --compile --relocatable-device-code=false -gencode arch=compute_30,code=compute_30 -gencode arch=compute_30,code=sm_30  -x cu -o  "src/B03.o" "../src/B03.cu"
../src/B03.cu(163): warning: variable "time_spent" was declared but never referenced

../src/B03.cu(14): warning: variable "WORK_SIZE" was declared but never referenced

../src/B03.cu(163): warning: variable "time_spent" was declared but never referenced

../src/B03.cu(14): warning: variable "WORK_SIZE" was declared but never referenced

Finished building: ../src/B03.cu
 
Building target: B03
Invoking: NVCC Linker
/Developer/NVIDIA/CUDA-6.5/bin/nvcc --cudart static --relocatable-device-code=false -gencode arch=compute_30,code=compute_30 -gencode arch=compute_30,code=sm_30 -link -o  "B03"  ./src/B03.o   
Finished building target: B03
 
20:02:34 **** Incremental Build of configuration Debug for project B03 ****
make all 
Building file: ../src/B03.cu
Invoking: NVCC Compiler
/Developer/NVIDIA/CUDA-6.5/bin/nvcc -G -g -O0 -gencode arch=compute_30,code=sm_30  -odir "src" -M -o "src/B03.d" "../src/B03.cu"
/Developer/NVIDIA/CUDA-6.5/bin/nvcc -G -g -O0 --compile --relocatable-device-code=false -gencode arch=compute_30,code=compute_30 -gencode arch=compute_30,code=sm_30  -x cu -o  "src/B03.o" "../src/B03.cu"
../src/B03.cu(116): warning: variable "THREADS_PER_BLOCK" was set but never used

../src/B03.cu(116): warning: variable "THREADS_PER_BLOCK" was set but never used

Finished building: ../src/B03.cu
 
Building target: B03
Invoking: NVCC Linker
/Developer/NVIDIA/CUDA-6.5/bin/nvcc --cudart static --relocatable-device-code=false -gencode arch=compute_30,code=compute_30 -gencode arch=compute_30,code=sm_30 -link -o  "B03"  ./src/B03.o   
Finished building target: B03
 
